<?xml version="1.0" encoding="UTF-8"?>
<!-- Generated by org.testng.reporters.JUnitReportReporter -->
<testsuite hostname="DESKTOP-I3AAUH2" failures="0" tests="5" name="testrunners.TestRunner" time="9.648" errors="0" timestamp="25 Feb 2021 17:26:15 GMT" skipped="0">
  <testcase classname="testrunners.TestRunner" name="runScenario" time="0.209"/>
  <testcase classname="testrunners.TestRunner" name="runScenario" time="0.002"/>
  <testcase classname="testrunners.TestRunner" name="runScenario" time="0.003"/>
  <testcase classname="testrunners.TestRunner" name="runScenario" time="9.429"/>
  <testcase classname="testrunners.TestRunner" name="runScenario" time="0.005"/>
</testsuite> <!-- testrunners.TestRunner -->
