<?xml version="1.0" encoding="UTF-8"?>
<!-- Generated by org.testng.reporters.JUnitReportReporter -->
<testsuite hostname="DESKTOP-I3AAUH2" failures="0" tests="5" name="testrunners.TestRunner" time="9.635" errors="0" timestamp="25 Feb 2021 19:07:59 GMT" skipped="0">
  <testcase classname="testrunners.TestRunner" name="runScenario" time="0.007"/>
  <testcase classname="testrunners.TestRunner" name="runScenario" time="0.225"/>
  <testcase classname="testrunners.TestRunner" name="runScenario" time="9.393"/>
  <testcase classname="testrunners.TestRunner" name="runScenario" time="0.003"/>
  <testcase classname="testrunners.TestRunner" name="runScenario" time="0.007"/>
</testsuite> <!-- testrunners.TestRunner -->
