<?xml version="1.0" encoding="UTF-8"?>
<!-- Generated by org.testng.reporters.JUnitReportReporter -->
<testsuite hostname="DESKTOP-I3AAUH2" failures="0" tests="1" name="testrunners.CumwithTestng" time="0.155" errors="0" timestamp="09 Feb 2021 19:50:24 GMT" skipped="0">
  <testcase classname="testrunners.CumwithTestng" name="runScenario" time="0.155"/>
</testsuite> <!-- testrunners.CumwithTestng -->
